<?xml version="1.0" encoding="UTF-8" standalone="no"?>
<testsuite errors="0" failures="0" name="io.cucumber.core.plugin.JUnitFormatter" skipped="0" tests="2" time="0.25">
    <testcase classname="Can calculate addition and subtraction correctly?" name="3 add 4 is 7" time="0.064">
        <system-out>
            <![CDATA[Given a calculator..........................................................passed
When 3 and 4 are added......................................................passed
Then the result should be 7.................................................passed
]]>
        </system-out>
    </testcase>
    <testcase classname="Can calculate addition and subtraction correctly?" name="4 subtract 3 is 1" time="0.002">
        <system-out>
            <![CDATA[Given a calculator..........................................................passed
When 3 is subtracted from 4.................................................passed
Then the result should be 1.................................................passed
]]>
        </system-out>
    </testcase>
</testsuite>
